<?xml version="1.0" encoding="UTF-8"?>
<!-- Generated by org.testng.reporters.JUnitReportReporter -->
<testsuite hostname="INGUEUCLP000666" name="com.HybridFramework.General.BrowserFunctions" tests="1" failures="0" timestamp="2 Feb 2018 21:13:36 GMT" time="10.061" errors="0">
  <testcase name="TestCase1" time="10.061" classname="com.HybridFramework.General.BrowserFunctions"/>
</testsuite> <!-- com.HybridFramework.General.BrowserFunctions -->
