<?xml version="1.0" encoding="UTF-8"?>
<!-- Generated by org.testng.reporters.JUnitReportReporter -->
<testsuite hostname="INGUEUCLP000666" name="com.HybridFramework.General.AlertFunctions" tests="1" failures="0" timestamp="2 Feb 2018 21:13:36 GMT" time="11.038" errors="0">
  <testcase name="TestCase1" time="11.038" classname="com.HybridFramework.General.AlertFunctions"/>
</testsuite> <!-- com.HybridFramework.General.AlertFunctions -->
