<?xml version="1.0" encoding="UTF-8"?>
<!-- Generated by org.testng.reporters.JUnitReportReporter -->
<testsuite hostname="INGUEUCLP000666" name="com.HybridFramework.data.Excel_Reader" tests="6" failures="0" timestamp="2 Feb 2018 21:56:26 GMT" time="11.956" errors="0">
  <testcase name="testlogin" time="0.006" classname="com.HybridFramework.data.Excel_Reader"/>
  <testcase name="testlogin" time="0.015" classname="com.HybridFramework.data.Excel_Reader"/>
  <testcase name="TestCase1" time="11.911" classname="com.HybridFramework.data.Excel_Reader"/>
  <testcase name="testlogin" time="0.004" classname="com.HybridFramework.data.Excel_Reader"/>
  <testcase name="testlogin" time="0.016" classname="com.HybridFramework.data.Excel_Reader"/>
  <testcase name="testlogin" time="0.004" classname="com.HybridFramework.data.Excel_Reader"/>
</testsuite> <!-- com.HybridFramework.data.Excel_Reader -->
